<?xml version="1.0" encoding="UTF-8"?>
<testsuite name="com.codeoftheweb.salvo.SalvoApplicationTests" tests="1" skipped="0" failures="0" errors="0" timestamp="2018-12-17T11:01:17" hostname="Jakes-MacBook-Pro.local" time="0.036">
  <properties/>
  <testcase name="contextLoads" classname="com.codeoftheweb.salvo.SalvoApplicationTests" time="0.036"/>
  <system-out><![CDATA[12:01:12.555 [Test worker] DEBUG org.springframework.test.context.junit4.SpringJUnit4ClassRunner - SpringJUnit4ClassRunner constructor called with [class com.codeoftheweb.salvo.SalvoApplicationTests]
12:01:12.562 [Test worker] DEBUG org.springframework.test.context.BootstrapUtils - Instantiating CacheAwareContextLoaderDelegate from class [org.springframework.test.context.cache.DefaultCacheAwareContextLoaderDelegate]
12:01:12.569 [Test worker] DEBUG org.springframework.test.context.BootstrapUtils - Instantiating BootstrapContext using constructor [public org.springframework.test.context.support.DefaultBootstrapContext(java.lang.Class,org.springframework.test.context.CacheAwareContextLoaderDelegate)]
12:01:12.588 [Test worker] DEBUG org.springframework.test.context.BootstrapUtils - Instantiating TestContextBootstrapper for test class [com.codeoftheweb.salvo.SalvoApplicationTests] from class [org.springframework.boot.test.context.SpringBootTestContextBootstrapper]
12:01:12.599 [Test worker] INFO org.springframework.boot.test.context.SpringBootTestContextBootstrapper - Neither @ContextConfiguration nor @ContextHierarchy found for test class [com.codeoftheweb.salvo.SalvoApplicationTests], using SpringBootContextLoader
12:01:12.603 [Test worker] DEBUG org.springframework.test.context.support.AbstractContextLoader - Did not detect default resource location for test class [com.codeoftheweb.salvo.SalvoApplicationTests]: class path resource [com/codeoftheweb/salvo/SalvoApplicationTests-context.xml] does not exist
12:01:12.603 [Test worker] DEBUG org.springframework.test.context.support.AbstractContextLoader - Did not detect default resource location for test class [com.codeoftheweb.salvo.SalvoApplicationTests]: class path resource [com/codeoftheweb/salvo/SalvoApplicationTestsContext.groovy] does not exist
12:01:12.603 [Test worker] INFO org.springframework.test.context.support.AbstractContextLoader - Could not detect default resource locations for test class [com.codeoftheweb.salvo.SalvoApplicationTests]: no resource found for suffixes {-context.xml, Context.groovy}.
12:01:12.604 [Test worker] INFO org.springframework.test.context.support.AnnotationConfigContextLoaderUtils - Could not detect default configuration classes for test class [com.codeoftheweb.salvo.SalvoApplicationTests]: SalvoApplicationTests does not declare any static, non-private, non-final, nested classes annotated with @Configuration.
12:01:12.643 [Test worker] DEBUG org.springframework.test.context.support.ActiveProfilesUtils - Could not find an 'annotation declaring class' for annotation type [org.springframework.test.context.ActiveProfiles] and class [com.codeoftheweb.salvo.SalvoApplicationTests]
12:01:12.722 [Test worker] DEBUG org.springframework.context.annotation.ClassPathScanningCandidateComponentProvider - Identified candidate component class: file [/Users/Jake/Desktop/Java task 1/Salvo/build/classes/java/main/com/codeoftheweb/salvo/SalvoApplication.class]
12:01:12.730 [Test worker] INFO org.springframework.boot.test.context.SpringBootTestContextBootstrapper - Found @SpringBootConfiguration com.codeoftheweb.salvo.SalvoApplication for test class com.codeoftheweb.salvo.SalvoApplicationTests
12:01:12.822 [Test worker] DEBUG org.springframework.boot.test.context.SpringBootTestContextBootstrapper - @TestExecutionListeners is not present for class [com.codeoftheweb.salvo.SalvoApplicationTests]: using defaults.
12:01:12.822 [Test worker] INFO org.springframework.boot.test.context.SpringBootTestContextBootstrapper - Loaded default TestExecutionListener class names from location [META-INF/spring.factories]: [org.springframework.boot.test.autoconfigure.restdocs.RestDocsTestExecutionListener, org.springframework.boot.test.autoconfigure.web.client.MockRestServiceServerResetTestExecutionListener, org.springframework.boot.test.autoconfigure.web.servlet.MockMvcPrintOnlyOnFailureTestExecutionListener, org.springframework.boot.test.autoconfigure.web.servlet.WebDriverTestExecutionListener, org.springframework.boot.test.mock.mockito.MockitoTestExecutionListener, org.springframework.boot.test.mock.mockito.ResetMocksTestExecutionListener, org.springframework.test.context.web.ServletTestExecutionListener, org.springframework.test.context.support.DirtiesContextBeforeModesTestExecutionListener, org.springframework.test.context.support.DependencyInjectionTestExecutionListener, org.springframework.test.context.support.DirtiesContextTestExecutionListener, org.springframework.test.context.transaction.TransactionalTestExecutionListener, org.springframework.test.context.jdbc.SqlScriptsTestExecutionListener]
12:01:12.846 [Test worker] INFO org.springframework.boot.test.context.SpringBootTestContextBootstrapper - Using TestExecutionListeners: [org.springframework.test.context.web.ServletTestExecutionListener@17cd2fa0, org.springframework.test.context.support.DirtiesContextBeforeModesTestExecutionListener@79b92a2, org.springframework.boot.test.mock.mockito.MockitoTestExecutionListener@584aa8ca, org.springframework.boot.test.autoconfigure.SpringBootDependencyInjectionTestExecutionListener@3bd7ba77, org.springframework.test.context.support.DirtiesContextTestExecutionListener@45192282, org.springframework.test.context.transaction.TransactionalTestExecutionListener@1ecca601, org.springframework.test.context.jdbc.SqlScriptsTestExecutionListener@13cd41ea, org.springframework.boot.test.autoconfigure.restdocs.RestDocsTestExecutionListener@154f55e6, org.springframework.boot.test.autoconfigure.web.client.MockRestServiceServerResetTestExecutionListener@19ce68ff, org.springframework.boot.test.autoconfigure.web.servlet.MockMvcPrintOnlyOnFailureTestExecutionListener@62c92969, org.springframework.boot.test.autoconfigure.web.servlet.WebDriverTestExecutionListener@1bf2f6cb, org.springframework.boot.test.mock.mockito.ResetMocksTestExecutionListener@747d6036]
12:01:12.850 [Test worker] DEBUG org.springframework.test.annotation.ProfileValueUtils - Retrieved @ProfileValueSourceConfiguration [null] for test class [com.codeoftheweb.salvo.SalvoApplicationTests]
12:01:12.850 [Test worker] DEBUG org.springframework.test.annotation.ProfileValueUtils - Retrieved ProfileValueSource type [class org.springframework.test.annotation.SystemProfileValueSource] for class [com.codeoftheweb.salvo.SalvoApplicationTests]
12:01:12.851 [Test worker] DEBUG org.springframework.test.annotation.ProfileValueUtils - Retrieved @ProfileValueSourceConfiguration [null] for test class [com.codeoftheweb.salvo.SalvoApplicationTests]
12:01:12.851 [Test worker] DEBUG org.springframework.test.annotation.ProfileValueUtils - Retrieved ProfileValueSource type [class org.springframework.test.annotation.SystemProfileValueSource] for class [com.codeoftheweb.salvo.SalvoApplicationTests]
12:01:12.854 [Test worker] DEBUG org.springframework.test.context.support.AbstractDirtiesContextTestExecutionListener - Before test class: context [DefaultTestContext@296237de testClass = SalvoApplicationTests, testInstance = [null], testMethod = [null], testException = [null], mergedContextConfiguration = [WebMergedContextConfiguration@28086cf5 testClass = SalvoApplicationTests, locations = '{}', classes = '{class com.codeoftheweb.salvo.SalvoApplication}', contextInitializerClasses = '[]', activeProfiles = '{}', propertySourceLocations = '{}', propertySourceProperties = '{org.springframework.boot.test.context.SpringBootTestContextBootstrapper=true}', contextCustomizers = set[org.springframework.boot.test.autoconfigure.properties.PropertyMappingContextCustomizer@0, org.springframework.boot.test.autoconfigure.web.servlet.WebDriverContextCustomizerFactory$Customizer@654abdc3, org.springframework.boot.test.context.filter.ExcludeFilterContextCustomizer@4f10e12, org.springframework.boot.test.json.DuplicateJsonObjectContextCustomizerFactory$DuplicateJsonObjectContextCustomizer@1349459b, org.springframework.boot.test.mock.mockito.MockitoContextCustomizer@0, org.springframework.boot.test.web.client.TestRestTemplateContextCustomizer@70fec00a], resourceBasePath = 'src/main/webapp', contextLoader = 'org.springframework.boot.test.context.SpringBootContextLoader', parent = [null]], attributes = map['org.springframework.test.context.web.ServletTestExecutionListener.activateListener' -> true]], class annotated with @DirtiesContext [false] with mode [null].
12:01:12.855 [Test worker] DEBUG org.springframework.test.annotation.ProfileValueUtils - Retrieved @ProfileValueSourceConfiguration [null] for test class [com.codeoftheweb.salvo.SalvoApplicationTests]
12:01:12.855 [Test worker] DEBUG org.springframework.test.annotation.ProfileValueUtils - Retrieved ProfileValueSource type [class org.springframework.test.annotation.SystemProfileValueSource] for class [com.codeoftheweb.salvo.SalvoApplicationTests]
12:01:12.872 [Test worker] DEBUG org.springframework.test.context.support.TestPropertySourceUtils - Adding inlined properties to environment: {spring.jmx.enabled=false, org.springframework.boot.test.context.SpringBootTestContextBootstrapper=true, server.port=-1}

  .   ____          _            __ _ _
 /\\ / ___'_ __ _ _(_)_ __  __ _ \ \ \ \
( ( )\___ | '_ | '_| | '_ \/ _` | \ \ \ \
 \\/  ___)| |_)| | | | | || (_| |  ) ) ) )
  '  |____| .__|_| |_|_| |_\__, | / / / /
 =========|_|==============|___/=/_/_/_/
 :: Spring Boot ::        (v2.1.1.RELEASE)

2018-12-17 12:01:13.060  INFO 21021 --- [    Test worker] c.c.salvo.SalvoApplicationTests          : Starting SalvoApplicationTests on Jakes-MacBook-Pro.local with PID 21021 (started by Jake in /Users/Jake/Desktop/Java task 1/Salvo)
2018-12-17 12:01:13.061  INFO 21021 --- [    Test worker] c.c.salvo.SalvoApplicationTests          : No active profile set, falling back to default profiles: default
2018-12-17 12:01:13.743  INFO 21021 --- [    Test worker] .s.d.r.c.RepositoryConfigurationDelegate : Bootstrapping Spring Data repositories in DEFAULT mode.
2018-12-17 12:01:13.817  INFO 21021 --- [    Test worker] .s.d.r.c.RepositoryConfigurationDelegate : Finished Spring Data repository scanning in 66ms. Found 3 repository interfaces.
2018-12-17 12:01:14.276  INFO 21021 --- [    Test worker] trationDelegate$BeanPostProcessorChecker : Bean 'org.springframework.transaction.annotation.ProxyTransactionManagementConfiguration' of type [org.springframework.transaction.annotation.ProxyTransactionManagementConfiguration$$EnhancerBySpringCGLIB$$255de333] is not eligible for getting processed by all BeanPostProcessors (for example: not eligible for auto-proxying)
2018-12-17 12:01:14.307  INFO 21021 --- [    Test worker] trationDelegate$BeanPostProcessorChecker : Bean 'org.springframework.hateoas.config.HateoasConfiguration' of type [org.springframework.hateoas.config.HateoasConfiguration$$EnhancerBySpringCGLIB$$a4de3065] is not eligible for getting processed by all BeanPostProcessors (for example: not eligible for auto-proxying)
2018-12-17 12:01:14.472  INFO 21021 --- [    Test worker] com.zaxxer.hikari.HikariDataSource       : HikariPool-1 - Starting...
2018-12-17 12:01:14.668  INFO 21021 --- [    Test worker] com.zaxxer.hikari.HikariDataSource       : HikariPool-1 - Start completed.
2018-12-17 12:01:14.741  INFO 21021 --- [    Test worker] o.hibernate.jpa.internal.util.LogHelper  : HHH000204: Processing PersistenceUnitInfo [
	name: default
	...]
2018-12-17 12:01:14.797  INFO 21021 --- [    Test worker] org.hibernate.Version                    : HHH000412: Hibernate Core {5.3.7.Final}
2018-12-17 12:01:14.798  INFO 21021 --- [    Test worker] org.hibernate.cfg.Environment            : HHH000206: hibernate.properties not found
2018-12-17 12:01:14.925  INFO 21021 --- [    Test worker] o.hibernate.annotations.common.Version   : HCANN000001: Hibernate Commons Annotations {5.0.4.Final}
2018-12-17 12:01:15.054  INFO 21021 --- [    Test worker] org.hibernate.dialect.Dialect            : HHH000400: Using dialect: org.hibernate.dialect.H2Dialect
2018-12-17 12:01:15.729  INFO 21021 --- [    Test worker] o.h.t.schema.internal.SchemaCreatorImpl  : HHH000476: Executing import script 'org.hibernate.tool.schema.internal.exec.ScriptSourceInputNonExistentImpl@766fffc7'
2018-12-17 12:01:15.732  INFO 21021 --- [    Test worker] j.LocalContainerEntityManagerFactoryBean : Initialized JPA EntityManagerFactory for persistence unit 'default'
2018-12-17 12:01:16.816  INFO 21021 --- [    Test worker] o.s.s.concurrent.ThreadPoolTaskExecutor  : Initializing ExecutorService 'applicationTaskExecutor'
2018-12-17 12:01:16.870  WARN 21021 --- [    Test worker] aWebConfiguration$JpaWebMvcConfiguration : spring.jpa.open-in-view is enabled by default. Therefore, database queries may be performed during view rendering. Explicitly configure spring.jpa.open-in-view to disable this warning
2018-12-17 12:01:17.434  INFO 21021 --- [    Test worker] c.c.salvo.SalvoApplicationTests          : Started SalvoApplicationTests in 4.554 seconds (JVM running for 5.473)
]]></system-out>
  <system-err><![CDATA[]]></system-err>
</testsuite>
