<?xml version="1.0" encoding="UTF-8"?>
<testsuite name="com.codeoftheweb.salvo.SalvoApplicationTests" tests="1" skipped="0" failures="0" errors="0" timestamp="2018-12-11T16:53:09" hostname="Jakes-MacBook-Pro.local" time="0.038">
  <properties/>
  <testcase name="contextLoads" classname="com.codeoftheweb.salvo.SalvoApplicationTests" time="0.038"/>
  <system-out><![CDATA[17:53:04.976 [Test worker] DEBUG org.springframework.test.context.junit4.SpringJUnit4ClassRunner - SpringJUnit4ClassRunner constructor called with [class com.codeoftheweb.salvo.SalvoApplicationTests]
17:53:04.984 [Test worker] DEBUG org.springframework.test.context.BootstrapUtils - Instantiating CacheAwareContextLoaderDelegate from class [org.springframework.test.context.cache.DefaultCacheAwareContextLoaderDelegate]
17:53:04.991 [Test worker] DEBUG org.springframework.test.context.BootstrapUtils - Instantiating BootstrapContext using constructor [public org.springframework.test.context.support.DefaultBootstrapContext(java.lang.Class,org.springframework.test.context.CacheAwareContextLoaderDelegate)]
17:53:05.009 [Test worker] DEBUG org.springframework.test.context.BootstrapUtils - Instantiating TestContextBootstrapper for test class [com.codeoftheweb.salvo.SalvoApplicationTests] from class [org.springframework.boot.test.context.SpringBootTestContextBootstrapper]
17:53:05.020 [Test worker] INFO org.springframework.boot.test.context.SpringBootTestContextBootstrapper - Neither @ContextConfiguration nor @ContextHierarchy found for test class [com.codeoftheweb.salvo.SalvoApplicationTests], using SpringBootContextLoader
17:53:05.023 [Test worker] DEBUG org.springframework.test.context.support.AbstractContextLoader - Did not detect default resource location for test class [com.codeoftheweb.salvo.SalvoApplicationTests]: class path resource [com/codeoftheweb/salvo/SalvoApplicationTests-context.xml] does not exist
17:53:05.024 [Test worker] DEBUG org.springframework.test.context.support.AbstractContextLoader - Did not detect default resource location for test class [com.codeoftheweb.salvo.SalvoApplicationTests]: class path resource [com/codeoftheweb/salvo/SalvoApplicationTestsContext.groovy] does not exist
17:53:05.024 [Test worker] INFO org.springframework.test.context.support.AbstractContextLoader - Could not detect default resource locations for test class [com.codeoftheweb.salvo.SalvoApplicationTests]: no resource found for suffixes {-context.xml, Context.groovy}.
17:53:05.025 [Test worker] INFO org.springframework.test.context.support.AnnotationConfigContextLoaderUtils - Could not detect default configuration classes for test class [com.codeoftheweb.salvo.SalvoApplicationTests]: SalvoApplicationTests does not declare any static, non-private, non-final, nested classes annotated with @Configuration.
17:53:05.058 [Test worker] DEBUG org.springframework.test.context.support.ActiveProfilesUtils - Could not find an 'annotation declaring class' for annotation type [org.springframework.test.context.ActiveProfiles] and class [com.codeoftheweb.salvo.SalvoApplicationTests]
17:53:05.130 [Test worker] DEBUG org.springframework.context.annotation.ClassPathScanningCandidateComponentProvider - Identified candidate component class: file [/Users/Jake/Desktop/Java task 1/Salvo/build/classes/java/main/com/codeoftheweb/salvo/SalvoApplication.class]
17:53:05.131 [Test worker] INFO org.springframework.boot.test.context.SpringBootTestContextBootstrapper - Found @SpringBootConfiguration com.codeoftheweb.salvo.SalvoApplication for test class com.codeoftheweb.salvo.SalvoApplicationTests
17:53:05.223 [Test worker] DEBUG org.springframework.boot.test.context.SpringBootTestContextBootstrapper - @TestExecutionListeners is not present for class [com.codeoftheweb.salvo.SalvoApplicationTests]: using defaults.
17:53:05.224 [Test worker] INFO org.springframework.boot.test.context.SpringBootTestContextBootstrapper - Loaded default TestExecutionListener class names from location [META-INF/spring.factories]: [org.springframework.boot.test.autoconfigure.restdocs.RestDocsTestExecutionListener, org.springframework.boot.test.autoconfigure.web.client.MockRestServiceServerResetTestExecutionListener, org.springframework.boot.test.autoconfigure.web.servlet.MockMvcPrintOnlyOnFailureTestExecutionListener, org.springframework.boot.test.autoconfigure.web.servlet.WebDriverTestExecutionListener, org.springframework.boot.test.mock.mockito.MockitoTestExecutionListener, org.springframework.boot.test.mock.mockito.ResetMocksTestExecutionListener, org.springframework.test.context.web.ServletTestExecutionListener, org.springframework.test.context.support.DirtiesContextBeforeModesTestExecutionListener, org.springframework.test.context.support.DependencyInjectionTestExecutionListener, org.springframework.test.context.support.DirtiesContextTestExecutionListener, org.springframework.test.context.transaction.TransactionalTestExecutionListener, org.springframework.test.context.jdbc.SqlScriptsTestExecutionListener]
17:53:05.239 [Test worker] INFO org.springframework.boot.test.context.SpringBootTestContextBootstrapper - Using TestExecutionListeners: [org.springframework.test.context.web.ServletTestExecutionListener@51e0c06e, org.springframework.test.context.support.DirtiesContextBeforeModesTestExecutionListener@6a106140, org.springframework.boot.test.mock.mockito.MockitoTestExecutionListener@4905a930, org.springframework.boot.test.autoconfigure.SpringBootDependencyInjectionTestExecutionListener@1ddf2c3e, org.springframework.test.context.support.DirtiesContextTestExecutionListener@4a6b6c5b, org.springframework.test.context.transaction.TransactionalTestExecutionListener@23980e37, org.springframework.test.context.jdbc.SqlScriptsTestExecutionListener@47306f5d, org.springframework.boot.test.autoconfigure.restdocs.RestDocsTestExecutionListener@23ea1559, org.springframework.boot.test.autoconfigure.web.client.MockRestServiceServerResetTestExecutionListener@3272bccb, org.springframework.boot.test.autoconfigure.web.servlet.MockMvcPrintOnlyOnFailureTestExecutionListener@5178e504, org.springframework.boot.test.autoconfigure.web.servlet.WebDriverTestExecutionListener@157632f1, org.springframework.boot.test.mock.mockito.ResetMocksTestExecutionListener@66c5bddb]
17:53:05.249 [Test worker] DEBUG org.springframework.test.annotation.ProfileValueUtils - Retrieved @ProfileValueSourceConfiguration [null] for test class [com.codeoftheweb.salvo.SalvoApplicationTests]
17:53:05.249 [Test worker] DEBUG org.springframework.test.annotation.ProfileValueUtils - Retrieved ProfileValueSource type [class org.springframework.test.annotation.SystemProfileValueSource] for class [com.codeoftheweb.salvo.SalvoApplicationTests]
17:53:05.250 [Test worker] DEBUG org.springframework.test.annotation.ProfileValueUtils - Retrieved @ProfileValueSourceConfiguration [null] for test class [com.codeoftheweb.salvo.SalvoApplicationTests]
17:53:05.250 [Test worker] DEBUG org.springframework.test.annotation.ProfileValueUtils - Retrieved ProfileValueSource type [class org.springframework.test.annotation.SystemProfileValueSource] for class [com.codeoftheweb.salvo.SalvoApplicationTests]
17:53:05.256 [Test worker] DEBUG org.springframework.test.context.support.AbstractDirtiesContextTestExecutionListener - Before test class: context [DefaultTestContext@6cd54c3b testClass = SalvoApplicationTests, testInstance = [null], testMethod = [null], testException = [null], mergedContextConfiguration = [WebMergedContextConfiguration@60488408 testClass = SalvoApplicationTests, locations = '{}', classes = '{class com.codeoftheweb.salvo.SalvoApplication}', contextInitializerClasses = '[]', activeProfiles = '{}', propertySourceLocations = '{}', propertySourceProperties = '{org.springframework.boot.test.context.SpringBootTestContextBootstrapper=true}', contextCustomizers = set[org.springframework.boot.test.autoconfigure.properties.PropertyMappingContextCustomizer@0, org.springframework.boot.test.autoconfigure.web.servlet.WebDriverContextCustomizerFactory$Customizer@6bcd8b31, org.springframework.boot.test.context.filter.ExcludeFilterContextCustomizer@1c342a9e, org.springframework.boot.test.json.DuplicateJsonObjectContextCustomizerFactory$DuplicateJsonObjectContextCustomizer@17671ef0, org.springframework.boot.test.mock.mockito.MockitoContextCustomizer@0, org.springframework.boot.test.web.client.TestRestTemplateContextCustomizer@1a00b530], resourceBasePath = 'src/main/webapp', contextLoader = 'org.springframework.boot.test.context.SpringBootContextLoader', parent = [null]], attributes = map['org.springframework.test.context.web.ServletTestExecutionListener.activateListener' -> true]], class annotated with @DirtiesContext [false] with mode [null].
17:53:05.256 [Test worker] DEBUG org.springframework.test.annotation.ProfileValueUtils - Retrieved @ProfileValueSourceConfiguration [null] for test class [com.codeoftheweb.salvo.SalvoApplicationTests]
17:53:05.256 [Test worker] DEBUG org.springframework.test.annotation.ProfileValueUtils - Retrieved ProfileValueSource type [class org.springframework.test.annotation.SystemProfileValueSource] for class [com.codeoftheweb.salvo.SalvoApplicationTests]
17:53:05.278 [Test worker] DEBUG org.springframework.test.context.support.TestPropertySourceUtils - Adding inlined properties to environment: {spring.jmx.enabled=false, org.springframework.boot.test.context.SpringBootTestContextBootstrapper=true, server.port=-1}

  .   ____          _            __ _ _
 /\\ / ___'_ __ _ _(_)_ __  __ _ \ \ \ \
( ( )\___ | '_ | '_| | '_ \/ _` | \ \ \ \
 \\/  ___)| |_)| | | | | || (_| |  ) ) ) )
  '  |____| .__|_| |_|_| |_\__, | / / / /
 =========|_|==============|___/=/_/_/_/
 :: Spring Boot ::        (v2.1.1.RELEASE)

2018-12-11 17:53:05.469  INFO 2021 --- [    Test worker] c.c.salvo.SalvoApplicationTests          : Starting SalvoApplicationTests on Jakes-MacBook-Pro.local with PID 2021 (started by Jake in /Users/Jake/Desktop/Java task 1/Salvo)
2018-12-11 17:53:05.471  INFO 2021 --- [    Test worker] c.c.salvo.SalvoApplicationTests          : No active profile set, falling back to default profiles: default
2018-12-11 17:53:06.142  INFO 2021 --- [    Test worker] .s.d.r.c.RepositoryConfigurationDelegate : Bootstrapping Spring Data repositories in DEFAULT mode.
2018-12-11 17:53:06.212  INFO 2021 --- [    Test worker] .s.d.r.c.RepositoryConfigurationDelegate : Finished Spring Data repository scanning in 63ms. Found 3 repository interfaces.
2018-12-11 17:53:06.691  INFO 2021 --- [    Test worker] trationDelegate$BeanPostProcessorChecker : Bean 'org.springframework.transaction.annotation.ProxyTransactionManagementConfiguration' of type [org.springframework.transaction.annotation.ProxyTransactionManagementConfiguration$$EnhancerBySpringCGLIB$$a3c31d49] is not eligible for getting processed by all BeanPostProcessors (for example: not eligible for auto-proxying)
2018-12-11 17:53:06.720  INFO 2021 --- [    Test worker] trationDelegate$BeanPostProcessorChecker : Bean 'org.springframework.hateoas.config.HateoasConfiguration' of type [org.springframework.hateoas.config.HateoasConfiguration$$EnhancerBySpringCGLIB$$23436a7b] is not eligible for getting processed by all BeanPostProcessors (for example: not eligible for auto-proxying)
2018-12-11 17:53:06.880  INFO 2021 --- [    Test worker] com.zaxxer.hikari.HikariDataSource       : HikariPool-1 - Starting...
2018-12-11 17:53:07.071  INFO 2021 --- [    Test worker] com.zaxxer.hikari.HikariDataSource       : HikariPool-1 - Start completed.
2018-12-11 17:53:07.144  INFO 2021 --- [    Test worker] o.hibernate.jpa.internal.util.LogHelper  : HHH000204: Processing PersistenceUnitInfo [
	name: default
	...]
2018-12-11 17:53:07.201  INFO 2021 --- [    Test worker] org.hibernate.Version                    : HHH000412: Hibernate Core {5.3.7.Final}
2018-12-11 17:53:07.202  INFO 2021 --- [    Test worker] org.hibernate.cfg.Environment            : HHH000206: hibernate.properties not found
2018-12-11 17:53:07.332  INFO 2021 --- [    Test worker] o.hibernate.annotations.common.Version   : HCANN000001: Hibernate Commons Annotations {5.0.4.Final}
2018-12-11 17:53:07.459  INFO 2021 --- [    Test worker] org.hibernate.dialect.Dialect            : HHH000400: Using dialect: org.hibernate.dialect.H2Dialect
2018-12-11 17:53:08.109  INFO 2021 --- [    Test worker] o.h.t.schema.internal.SchemaCreatorImpl  : HHH000476: Executing import script 'org.hibernate.tool.schema.internal.exec.ScriptSourceInputNonExistentImpl@4cc6657d'
2018-12-11 17:53:08.112  INFO 2021 --- [    Test worker] j.LocalContainerEntityManagerFactoryBean : Initialized JPA EntityManagerFactory for persistence unit 'default'
2018-12-11 17:53:09.181  INFO 2021 --- [    Test worker] o.s.s.concurrent.ThreadPoolTaskExecutor  : Initializing ExecutorService 'applicationTaskExecutor'
2018-12-11 17:53:09.235  WARN 2021 --- [    Test worker] aWebConfiguration$JpaWebMvcConfiguration : spring.jpa.open-in-view is enabled by default. Therefore, database queries may be performed during view rendering. Explicitly configure spring.jpa.open-in-view to disable this warning
2018-12-11 17:53:09.799  INFO 2021 --- [    Test worker] c.c.salvo.SalvoApplicationTests          : Started SalvoApplicationTests in 4.513 seconds (JVM running for 5.416)
]]></system-out>
  <system-err><![CDATA[]]></system-err>
</testsuite>
